0 info it worked if it ends with ok
1 verbose cli [ '/usr/bin/node', '/usr/bin/npm', 'start' ]
2 info using npm@3.5.2
3 info using node@v6.11.4
4 verbose run-script [ 'prestart', 'start', 'poststart' ]
5 info lifecycle stream-app@0.0.0~prestart: stream-app@0.0.0
6 silly lifecycle stream-app@0.0.0~prestart: no script for prestart, continuing
7 info lifecycle stream-app@0.0.0~start: stream-app@0.0.0
8 verbose lifecycle stream-app@0.0.0~start: unsafe-perm in lifecycle true
9 verbose lifecycle stream-app@0.0.0~start: PATH: /usr/share/npm/bin/node-gyp-bin:/home/karthick/stream_app/node_modules/.bin:/home/karthick/anaconda3/bin:/home/karthick/.rvm/gems/ruby-2.3.1/bin:/home/karthick/.rvm/gems/ruby-2.3.1@global/bin:/home/karthick/.rvm/rubies/ruby-2.3.1/bin:/home/karthick/bin:/usr/local/sbin:/usr/local/bin:/usr/sbin:/usr/bin:/sbin:/bin:/usr/games:/usr/local/games:/snap/bin:/home/karthick/.rvm/bin:/home/karthick/.rvm/bin
10 verbose lifecycle stream-app@0.0.0~start: CWD: /home/karthick/stream_app
11 silly lifecycle stream-app@0.0.0~start: Args: [ '-c', 'DEBUG=*  node ./bin/www' ]
12 silly lifecycle stream-app@0.0.0~start: Returned: code: 1  signal: null
13 info lifecycle stream-app@0.0.0~start: Failed to exec start script
14 verbose stack Error: stream-app@0.0.0 start: `DEBUG=*  node ./bin/www`
14 verbose stack Exit status 1
14 verbose stack     at EventEmitter.<anonymous> (/usr/share/npm/lib/utils/lifecycle.js:232:16)
14 verbose stack     at emitTwo (events.js:106:13)
14 verbose stack     at EventEmitter.emit (events.js:191:7)
14 verbose stack     at ChildProcess.<anonymous> (/usr/share/npm/lib/utils/spawn.js:24:14)
14 verbose stack     at emitTwo (events.js:106:13)
14 verbose stack     at ChildProcess.emit (events.js:191:7)
14 verbose stack     at maybeClose (internal/child_process.js:920:16)
14 verbose stack     at Process.ChildProcess._handle.onexit (internal/child_process.js:230:5)
15 verbose pkgid stream-app@0.0.0
16 verbose cwd /home/karthick/stream_app
17 error Linux 4.13.0-17-generic
18 error argv "/usr/bin/node" "/usr/bin/npm" "start"
19 error node v6.11.4
20 error npm  v3.5.2
21 error code ELIFECYCLE
22 error stream-app@0.0.0 start: `DEBUG=*  node ./bin/www`
22 error Exit status 1
23 error Failed at the stream-app@0.0.0 start script 'DEBUG=*  node ./bin/www'.
23 error Make sure you have the latest version of node.js and npm installed.
23 error If you do, this is most likely a problem with the stream-app package,
23 error not with npm itself.
23 error Tell the author that this fails on your system:
23 error     DEBUG=*  node ./bin/www
23 error You can get information on how to open an issue for this project with:
23 error     npm bugs stream-app
23 error Or if that isn't available, you can get their info via:
23 error     npm owner ls stream-app
23 error There is likely additional logging output above.
24 verbose exit [ 1, true ]
